<?xml version="1.0" encoding="UTF-8"?>
<testsuites>
  <testsuite name="fastlane.lanes">
    
    
    
      
      <testcase classname="fastlane.lanes" name="0: default_platform" time="0.000452">
        
      </testcase>
    
      
      <testcase classname="fastlane.lanes" name="1: xcclean" time="4.961444">
        
          <failure message="/Library/Ruby/Gems/2.6.0/gems/fastlane-2.178.0/fastlane/lib/fastlane/actions/actions_helper.rb:67:in `execute_action'&#10;/Library/Ruby/Gems/2.6.0/gems/fastlane-2.178.0/fastlane/lib/fastlane/runner.rb:255:in `block in execute_action'&#10;/Library/Ruby/Gems/2.6.0/gems/fastlane-2.178.0/fastlane/lib/fastlane/runner.rb:229:in `chdir'&#10;/Library/Ruby/Gems/2.6.0/gems/fastlane-2.178.0/fastlane/lib/fastlane/runner.rb:229:in `execute_action'&#10;/Library/Ruby/Gems/2.6.0/gems/fastlane-2.178.0/fastlane/lib/fastlane/runner.rb:157:in `trigger_action_by_name'&#10;/Library/Ruby/Gems/2.6.0/gems/fastlane-2.178.0/fastlane/lib/fastlane/fast_file.rb:159:in `method_missing'&#10;Fastfile:22:in `block (2 levels) in parsing_binding'&#10;/Library/Ruby/Gems/2.6.0/gems/fastlane-2.178.0/fastlane/lib/fastlane/lane.rb:33:in `call'&#10;/Library/Ruby/Gems/2.6.0/gems/fastlane-2.178.0/fastlane/lib/fastlane/runner.rb:49:in `block in execute'&#10;/Library/Ruby/Gems/2.6.0/gems/fastlane-2.178.0/fastlane/lib/fastlane/runner.rb:45:in `chdir'&#10;/Library/Ruby/Gems/2.6.0/gems/fastlane-2.178.0/fastlane/lib/fastlane/runner.rb:45:in `execute'&#10;/Library/Ruby/Gems/2.6.0/gems/fastlane-2.178.0/fastlane/lib/fastlane/lane_manager.rb:47:in `cruise_lane'&#10;/Library/Ruby/Gems/2.6.0/gems/fastlane-2.178.0/fastlane/lib/fastlane/command_line_handler.rb:36:in `handle'&#10;/Library/Ruby/Gems/2.6.0/gems/fastlane-2.178.0/fastlane/lib/fastlane/commands_generator.rb:108:in `block (2 levels) in run'&#10;/Library/Ruby/Gems/2.6.0/gems/commander-fastlane-4.4.6/lib/commander/command.rb:178:in `call'&#10;/Library/Ruby/Gems/2.6.0/gems/commander-fastlane-4.4.6/lib/commander/command.rb:153:in `run'&#10;/Library/Ruby/Gems/2.6.0/gems/commander-fastlane-4.4.6/lib/commander/runner.rb:476:in `run_active_command'&#10;/Library/Ruby/Gems/2.6.0/gems/fastlane-2.178.0/fastlane_core/lib/fastlane_core/ui/fastlane_runner.rb:76:in `run!'&#10;/Library/Ruby/Gems/2.6.0/gems/commander-fastlane-4.4.6/lib/commander/delegates.rb:15:in `run!'&#10;/Library/Ruby/Gems/2.6.0/gems/fastlane-2.178.0/fastlane/lib/fastlane/commands_generator.rb:352:in `run'&#10;/Library/Ruby/Gems/2.6.0/gems/fastlane-2.178.0/fastlane/lib/fastlane/commands_generator.rb:41:in `start'&#10;/Library/Ruby/Gems/2.6.0/gems/fastlane-2.178.0/fastlane/lib/fastlane/cli_tools_distributor.rb:122:in `take_off'&#10;/Library/Ruby/Gems/2.6.0/gems/fastlane-2.178.0/bin/fastlane:23:in `&lt;top (required)&gt;'&#10;/usr/local/bin/fastlane:23:in `load'&#10;/usr/local/bin/fastlane:23:in `&lt;main&gt;'&#10;&#10;Exit status of command 'set -o pipefail &amp;&amp; xcodebuild -scheme &quot;PlaceholderPosts&quot; clean -workspace &quot;PlaceholderPosts.xcworkspace&quot; | tee '/Users/nunkesser/Library/Logs/fastlane/xcbuild/2022-11-19/5276/xcodebuild.log' | xcpretty --color --simple' was 74 instead of 0.&#10;Ignoring digest-crc-0.6.3 because its extensions are not built. Try: gem pristine digest-crc --version 0.6.3&#10;Ignoring ffi-1.13.1 because its extensions are not built. Try: gem pristine ffi --version 1.13.1&#10;Ignoring json-2.5.1 because its extensions are not built. Try: gem pristine json --version 2.5.1&#10;Ignoring unf_ext-0.0.7.7 because its extensions are not built. Try: gem pristine unf_ext --version 0.0.7.7&#10;2022-11-19 14:19:38.718 xcodebuild[5291:3520143] Writing error result bundle to /var/folders/j9/8h_wch951w53kv0f__ntg7wc5521bj/T/ResultBundle_2022-19-11_14-19-0038.xcresult&#10;xcodebuild: error: Could not resolve package dependencies:&#10;  Failed to clone repository https://github.com/Italbytz/spm-ports-common.git:&#10;    Cloning into bare repository '/Users/nunkesser/Library/Developer/Xcode/DerivedData/PlaceholderPosts-fggmxtkzpctgjeflgjxylvlxzydu/SourcePackages/repositories/spm-ports-common-912e65f2'...&#10;    fatal: unable to access 'https://github.com/Italbytz/spm-ports-common.git/': Could not resolve host: github.com&#10;&#10;" />
        
      </testcase>
    
  </testsuite>
</testsuites>
